<?xml version="1.0" encoding="UTF-8"?>
<!-- Generated by org.testng.reporters.JUnitReportReporter -->
<testsuite hostname="TYSS-Shivaprasad" failures="0" tests="1" name="ExtractImagePDFData.GetTextFromImG" time="0.706" errors="0" timestamp="2024-07-25T20:04:06 IST" skipped="0">
  <testcase classname="ExtractImagePDFData.GetTextFromImG" name="NavigateToApp" time="0.706"/>
  <system-out/>
</testsuite> <!-- ExtractImagePDFData.GetTextFromImG -->
