<?xml version="1.0" encoding="UTF-8"?>
<!-- Generated by org.testng.reporters.JUnitReportReporter -->
<testsuite skipped="0" hostname="TYSS-Shivaprasad" name="File.CreateNewFile" tests="1" failures="0" timestamp="2023-08-26T13:08:13 IST" time="0.013" errors="0">
  <testcase name="checkandcreate" time="0.013" classname="File.CreateNewFile"/>
  <system-out/>
</testsuite> <!-- File.CreateNewFile -->
