<?xml version="1.0" encoding="UTF-8"?>
<!-- Generated by org.testng.reporters.JUnitReportReporter -->
<testsuite skipped="0" hostname="TYSS-Shivaprasad" name="File.VerifyFileExtention" tests="1" failures="0" timestamp="2023-08-26T14:20:28 IST" time="0.010" errors="0">
  <testcase name="filextention" time="0.010" classname="File.VerifyFileExtention"/>
  <system-out/>
</testsuite> <!-- File.VerifyFileExtention -->
