<?xml version="1.0" encoding="UTF-8"?>
<!-- Generated by org.testng.reporters.JUnitReportReporter -->
<testsuite skipped="0" hostname="TYSS-Shivaprasad" name="File.WriteTextToPDF" tests="1" failures="0" timestamp="2023-08-26T13:58:39 IST" time="0.598" errors="0">
  <testcase name="write" time="0.598" classname="File.WriteTextToPDF"/>
  <system-out/>
</testsuite> <!-- File.WriteTextToPDF -->
