<?xml version="1.0" encoding="UTF-8"?>
<!-- Generated by org.testng.reporters.JUnitReportReporter -->
<testsuite skipped="0" hostname="TYSS-Shivaprasad" name="File.CreateNewFolder" tests="1" failures="0" timestamp="2023-08-26T12:46:29 IST" time="0.006" errors="0">
  <testcase name="m" time="0.006" classname="File.CreateNewFolder"/>
  <system-out/>
</testsuite> <!-- File.CreateNewFolder -->
