<?xml version="1.0" encoding="UTF-8"?>
<!-- Generated by org.testng.reporters.JUnitReportReporter -->
<testsuite skipped="0" hostname="TYSS-Shivaprasad" name="File.CreatePDFFile" tests="1" failures="0" timestamp="2023-08-26T13:28:15 IST" time="0.130" errors="0">
  <testcase name="samplepdf" time="0.130" classname="File.CreatePDFFile"/>
  <system-out/>
</testsuite> <!-- File.CreatePDFFile -->
