<?xml version="1.0" encoding="UTF-8"?>
<!-- Generated by org.testng.reporters.JUnitReportReporter -->
<testsuite hostname="TYSS-Shivaprasad" failures="0" tests="1" name="ExtractImagePDFData.VoterDataExtractionPDFtoCSV" time="53.577" errors="0" timestamp="2024-07-26T10:17:34 IST" skipped="0">
  <testcase classname="ExtractImagePDFData.VoterDataExtractionPDFtoCSV" name="main" time="53.577"/>
  <system-out/>
</testsuite> <!-- ExtractImagePDFData.VoterDataExtractionPDFtoCSV -->
