<?xml version="1.0" encoding="UTF-8"?>
<!-- Generated by org.testng.reporters.JUnitReportReporter -->
<testsuite skipped="0" hostname="TYSS-Shivaprasad" name="File.GetDatFromPDF" tests="1" failures="0" timestamp="2023-08-26T14:05:56 IST" time="0.804" errors="0">
  <testcase name="get" time="0.804" classname="File.GetDatFromPDF"/>
  <system-out/>
</testsuite> <!-- File.GetDatFromPDF -->
